03:41:28 **** Incremental Build of configuration Debug for project ITI ****
make all 
Building file: ../APP/main.c
Invoking: AVR Compiler
avr-gcc -Wall -g2 -gstabs -O0 -fpack-struct -fshort-enums -ffunction-sections -fdata-sections -std=gnu99 -funsigned-char -funsigned-bitfields -mmcu=atmega32 -DF_CPU=8000000UL -MMD -MP -MF"APP/main.d" -MT"APP/main.o" -c -o "APP/main.o" "../APP/main.c"
In file included from ../APP/../HAL/LCD/LCD_Int.h:16,
                 from ../APP/Func_main.h:14,
                 from ../APP/main.c:8:
d:/iti-embedded systems/01- imt sdk/imt_sdk_win_64/winavr/lib/gcc/../../avr/include/util/delay.h:90:3: warning: #warning "Compiler optimizations disabled; functions from <util/delay.h> won't work as designed"
Finished building: ../APP/main.c
 
Building target: ITI.elf
Invoking: AVR C Linker
avr-gcc -Wl,-Map,ITI.map -mmcu=atmega32 -o "ITI.elf"  ./MCAL/UART/UART_Prog.o  ./MCAL/Timers/Timers_Prog.o  ./MCAL/SPI/SPI_Prog.o  ./MCAL/EXTI/EXTI_Prog.o ./MCAL/EXTI/GIE_Prog.o  ./MCAL/DIO/DIO_Prog.o  ./MCAL/ADC/ADC_Prog.o  ./HAL/SSD/7SegDisp_Prog.o  ./HAL/LM35/LM35_Prog.o  ./HAL/LCD/LCD_Prog.o  ./HAL/KPD/KPD_Prog.o  ./APP/main.o   
Finished building target: ITI.elf
 
Invoking: AVR Create Extended Listing
avr-objdump -h -S ITI.elf  >"ITI.lss"
Finished building: ITI.lss
 
Create Flash image (ihex format)
avr-objcopy -R .eeprom -R .fuse -R .lock -R .signature -O ihex ITI.elf  "ITI.hex"
Finished building: ITI.hex
 
Invoking: Print Size
avr-size --format=avr --mcu=atmega32 ITI.elf
AVR Memory Usage
----------------
Device: atmega32

Program:   16446 bytes (50.2% Full)
(.text + .data + .bootloader)

Data:        289 bytes (14.1% Full)
(.data + .bss + .noinit)


Finished building: sizedummy
 

03:41:29 Build Finished (took 535ms)

